<?xml version="1.0" encoding="UTF-8"?>
<!-- Generated by org.testng.reporters.JUnitReportReporter -->
<testsuite hostname="Hppavilion15" failures="0" tests="4" name="testng.OrangeHtmTest" time="38.603" errors="0" timestamp="2024-12-19T17:05:01 IST" skipped="0">
  <testcase classname="testng.OrangeHtmTest" name="openapp" time="32.299"/>
  <system-out/>
  <testcase classname="testng.OrangeHtmTest" name="testLogo" time="4.764"/>
  <system-out/>
  <testcase classname="testng.OrangeHtmTest" name="testLogin" time="1.106"/>
  <system-out/>
  <testcase classname="testng.OrangeHtmTest" name="testLogout" time="0.434"/>
  <system-out/>
</testsuite> <!-- testng.OrangeHtmTest -->
