<?xml version="1.0" encoding="UTF-8"?>
<!-- Generated by org.testng.reporters.JUnitReportReporter -->
<testsuite hostname="Hppavilion15" failures="0" tests="2" name="testng.TestngAnnotations" time="0.057" errors="0" timestamp="2024-12-20T22:14:47 IST" skipped="0">
  <testcase classname="testng.TestngAnnotations" name="search" time="0.049"/>
  <system-out/>
  <testcase classname="testng.TestngAnnotations" name="advancedsearch" time="0.008"/>
  <system-out/>
</testsuite> <!-- testng.TestngAnnotations -->
