<?xml version="1.0" encoding="UTF-8"?>
<!-- Generated by org.testng.reporters.JUnitReportReporter -->
<testsuite hostname="Hppavilion15" failures="0" tests="4" name="OrangeHrmTest" time="32.877" errors="0" timestamp="2024-12-18T22:14:19 IST" skipped="0">
  <testcase classname="OrangeHrmTest" name="openapp" time="27.334"/>
  <system-out/>
  <testcase classname="OrangeHrmTest" name="testLogo" time="3.844"/>
  <system-out/>
  <testcase classname="OrangeHrmTest" name="testLogin" time="1.352"/>
  <system-out/>
  <testcase classname="OrangeHrmTest" name="testLogout" time="0.347"/>
  <system-out/>
</testsuite> <!-- OrangeHrmTest -->
