<?xml version="1.0" encoding="UTF-8"?>
<!-- Generated by org.testng.reporters.JUnitReportReporter -->
<testsuite hostname="Hppavilion15" failures="0" tests="3" name="FirstTestCase" time="0.026" errors="0" timestamp="2024-12-18T16:05:24 IST" skipped="0">
  <testcase classname="FirstTestCase" name="login" time="0.020"/>
  <system-out/>
  <testcase classname="FirstTestCase" name="openapp" time="0.003"/>
  <system-out/>
  <testcase classname="FirstTestCase" name="logout" time="0.003"/>
  <system-out/>
</testsuite> <!-- FirstTestCase -->
